#
# A fatal error has been detected by the Java Runtime Environment:
#
#  EXCEPTION_ACCESS_VIOLATION (0xc0000005) at pc=0x0000000050542634, pid=17392, tid=16556
#
# JRE version: Java(TM) SE Runtime Environment (7.0_55-b13) (build 1.7.0_55-b13)
# Java VM: Java HotSpot(TM) 64-Bit Server VM (24.55-b03 mixed mode windows-amd64 compressed oops)
# Problematic frame:
# V  [jvm.dll+0x142634]
#
# Failed to write core dump. Minidumps are not enabled by default on client versions of Windows
#
# If you would like to submit a bug report, please visit:
#   http://bugreport.sun.com/bugreport/crash.jsp
#

---------------  T H R E A D  ---------------

Current thread (0x000000000f9ea000):  JavaThread "JDWP Transport Listener: dt_socket" daemon [_thread_in_vm, id=16556, stack(0x0000000012860000,0x0000000012960000)]

siginfo: ExceptionCode=0xc0000005, reading address 0x0000000086133210

Registers:
RAX=0x0000000086133200, RBX=0x0000000010c78ea0, RCX=0x0000000000000003, RDX=0x0000000000000000
RSP=0x000000001295f230, RBP=0x0000000010c2bbd0, RSI=0x000000001295f348, RDI=0x0000000001c98f30
R8 =0x000000000f9ea000, R9 =0x00000a78001c0020, R10=0x0000000000000000, R11=0x0000000010c70909
R12=0x0000000000000000, R13=0x000000000213d3f8, R14=0x0000000000000000, R15=0x0000000000000000
RIP=0x0000000050542634, EFLAGS=0x0000000000010206

Top of Stack: (sp=0x000000001295f230)
0x000000001295f230:   000000000f9ea000 0000000000000011
0x000000001295f240:   000000001295f2f8 00000000506e1419
0x000000001295f250:   000000000f9ea000 00000000506fefc2
0x000000001295f260:   0000000000000000 0000000065758e89
0x000000001295f270:   0000000010bc0540 000000006576265a
0x000000001295f280:   000000000f9ea000 0000000000000000
0x000000001295f290:   0000000000000000 0000000000000000
0x000000001295f2a0:   0000000010c2bbd0 0000000065761751
0x000000001295f2b0:   000000001295f348 000000001295f320
0x000000001295f2c0:   0000000000000001 0000000010bc0540
0x000000001295f2d0:   0000000010c2bbd0 00000000657453b3
0x000000001295f2e0:   000000001295f410 0000000000000001
0x000000001295f2f0:   0000000000000001 0000000010bc0540
0x000000001295f300:   000000000000000a 0000000000000000
0x000000001295f310:   0000000000000000 0000000000000000
0x000000001295f320:   0000000000000001 0000000065745571 

Instructions: (pc=0x0000000050542634)
0x0000000050542614:   1f 86 60 00 00 74 15 8b 43 08 8b 0d 94 92 5a 00
0x0000000050542624:   48 d3 e0 48 03 05 82 92 5a 00 eb 04 48 8b 43 08
0x0000000050542634:   48 8b 50 10 48 8d 48 10 ff 92 20 01 00 00 84 c0
0x0000000050542644:   74 09 48 8b c3 48 83 c4 20 5b c3 33 c0 48 83 c4 


Register to memory mapping:

RAX=0x0000000086133200 is an unknown value
RBX=0x0000000010c78ea0 is an unknown value
RCX=0x0000000000000003 is an unknown value
RDX=0x0000000000000000 is an unknown value
RSP=0x000000001295f230 is pointing into the stack for thread: 0x000000000f9ea000
RBP=0x0000000010c2bbd0 is an unknown value
RSI=0x000000001295f348 is pointing into the stack for thread: 0x000000000f9ea000
RDI=0x0000000001c98f30 is an unknown value
R8 =0x000000000f9ea000 is a thread
R9 =0x00000a78001c0020 is an unknown value
R10=0x0000000000000000 is an unknown value
R11=0x0000000010c70909 is an unknown value
R12=0x0000000000000000 is an unknown value
R13=0x000000000213d3f8 is an unknown value
R14=0x0000000000000000 is an unknown value
R15=0x0000000000000000 is an unknown value


Stack: [0x0000000012860000,0x0000000012960000],  sp=0x000000001295f230,  free space=1020k
Native frames: (J=compiled Java code, j=interpreted, Vv=VM code, C=native code)
V  [jvm.dll+0x142634]


---------------  P R O C E S S  ---------------

Java Threads: ( => current thread )
  0x0000000010bcd800 JavaThread "Service Thread" daemon [_thread_blocked, id=17448, stack(0x00000000131f0000,0x00000000132f0000)]
  0x0000000010bc4800 JavaThread "C2 CompilerThread1" daemon [_thread_blocked, id=9340, stack(0x0000000013070000,0x0000000013170000)]
  0x0000000010bc3000 JavaThread "C2 CompilerThread0" daemon [_thread_blocked, id=17796, stack(0x0000000012ef0000,0x0000000012ff0000)]
  0x0000000010baf800 JavaThread "JDWP Command Reader" daemon [_thread_in_native, id=10224, stack(0x0000000012cb0000,0x0000000012db0000)]
  0x0000000010bae800 JavaThread "JDWP Event Helper Thread" daemon [_thread_blocked, id=15628, stack(0x0000000012a90000,0x0000000012b90000)]
=>0x000000000f9ea000 JavaThread "JDWP Transport Listener: dt_socket" daemon [_thread_in_vm, id=16556, stack(0x0000000012860000,0x0000000012960000)]
  0x000000000f9e6000 JavaThread "Attach Listener" daemon [_thread_blocked, id=15560, stack(0x0000000012260000,0x0000000012360000)]
  0x000000000f9e5800 JavaThread "Signal Dispatcher" daemon [_thread_blocked, id=17428, stack(0x0000000012040000,0x0000000012140000)]
  0x000000000f9d0800 JavaThread "Finalizer" daemon [_thread_blocked, id=16320, stack(0x0000000011f10000,0x0000000012010000)]
  0x000000000f9cf800 JavaThread "Reference Handler" daemon [_thread_blocked, id=16112, stack(0x0000000011b40000,0x0000000011c40000)]
  0x0000000001c9f800 JavaThread "main" [_thread_in_native, id=18248, stack(0x0000000002460000,0x0000000002560000)]

Other Threads:
  0x000000000f9cc800 VMThread [stack: 0x0000000011c60000,0x0000000011d60000] [id=16100]
  0x0000000010bd9000 WatcherThread [stack: 0x0000000013370000,0x0000000013470000] [id=14608]

VM state:not at safepoint (normal execution)

VM Mutex/Monitor currently owned by a thread: None

Heap
 PSYoungGen      total 76800K, used 3963K [0x00000007aae00000, 0x00000007b0380000, 0x0000000800000000)
  eden space 66048K, 6% used [0x00000007aae00000,0x00000007ab1dec10,0x00000007aee80000)
  from space 10752K, 0% used [0x00000007af900000,0x00000007af900000,0x00000007b0380000)
  to   space 10752K, 0% used [0x00000007aee80000,0x00000007aee80000,0x00000007af900000)
 ParOldGen       total 174080K, used 0K [0x0000000700a00000, 0x000000070b400000, 0x00000007aae00000)
  object space 174080K, 0% used [0x0000000700a00000,0x0000000700a00000,0x000000070b400000)
 PSPermGen       total 21504K, used 4053K [0x00000006fb800000, 0x00000006fcd00000, 0x0000000700a00000)
  object space 21504K, 18% used [0x00000006fb800000,0x00000006fbbf5428,0x00000006fcd00000)

Card table byte_map: [0x0000000005620000,0x0000000005e50000] byte_map_base: 0x0000000001e44000

Polling page: 0x0000000000120000

Code Cache  [0x0000000002560000, 0x00000000027d0000, 0x0000000005560000)
 total_blobs=193 nmethods=1 adapters=153 free_code_cache=48758Kb largest_free_block=49910720

Compilation events (2 events):
Event: 5.752 Thread 0x0000000010bc3000    1             java.util.Properties$LineReader::readLine (452 bytes)
Event: 5.772 Thread 0x0000000010bc3000 nmethod 1 0x00000000025c2110 code [0x00000000025c22a0, 0x00000000025c2b98]

GC Heap History (0 events):
No events

Deoptimization events (0 events):
No events

Internal exceptions (10 events):
Event: 0.124 Thread 0x0000000001c9f800 Threw 0x00000007aae558b0 at C:\re\jdk7u55\869\hotspot\src\share\vm\prims\jvm.cpp:1244
Event: 0.125 Thread 0x0000000001c9f800 Threw 0x00000007aae57230 at C:\re\jdk7u55\869\hotspot\src\share\vm\prims\jvm.cpp:1244
Event: 0.125 Thread 0x0000000001c9f800 Threw 0x00000007aae5ac38 at C:\re\jdk7u55\869\hotspot\src\share\vm\prims\jvm.cpp:1244
Event: 5.731 Thread 0x0000000001c9f800 Threw 0x00000007aae6af98 at C:\re\jdk7u55\869\hotspot\src\share\vm\prims\jvm.cpp:1244
Event: 6.018 Thread 0x0000000001c9f800 Threw 0x00000007aae9e478 at C:\re\jdk7u55\869\hotspot\src\share\vm\prims\jvm.cpp:1244
Event: 6.019 Thread 0x0000000001c9f800 Threw 0x00000007aae9fe70 at C:\re\jdk7u55\869\hotspot\src\share\vm\prims\jvm.cpp:1244
Event: 6.020 Thread 0x0000000001c9f800 Threw 0x00000007aaea1958 at C:\re\jdk7u55\869\hotspot\src\share\vm\prims\jvm.cpp:1244
Event: 6.020 Thread 0x0000000001c9f800 Threw 0x00000007aaea2f20 at C:\re\jdk7u55\869\hotspot\src\share\vm\prims\jvm.cpp:1244
Event: 6.021 Thread 0x0000000001c9f800 Threw 0x00000007aaea45a0 at C:\re\jdk7u55\869\hotspot\src\share\vm\prims\jvm.cpp:1244
Event: 7.666 Thread 0x0000000001c9f800 Threw 0x00000007aaeacf80 at C:\re\jdk7u55\869\hotspot\src\share\vm\prims\jvm.cpp:1244

Events (10 events):
Event: 769894.262 Executing VM operation: ChangeBreakpoints
Event: 769894.262 Executing VM operation: ChangeBreakpoints done
Event: 770121.202 Executing VM operation: ChangeBreakpoints
Event: 770121.203 Executing VM operation: ChangeBreakpoints done
Event: 773682.529 Executing VM operation: RedefineClasses
Event: 773682.529 Executing VM operation: RedefineClasses done
Event: 773682.548 Executing VM operation: ChangeBreakpoints
Event: 773682.548 Executing VM operation: ChangeBreakpoints done
Event: 774098.039 Executing VM operation: RedefineClasses
Event: 774098.040 Executing VM operation: RedefineClasses done


Dynamic libraries:
0x000000013f6b0000 - 0x000000013f6e3000 	I:\Software\bin\javaw.exe
0x00000000777f0000 - 0x0000000077999000 	C:\Windows\SYSTEM32\ntdll.dll
0x00000000775d0000 - 0x00000000776ef000 	C:\Windows\system32\kernel32.dll
0x000007fefc860000 - 0x000007fefc8cc000 	C:\Windows\system32\KERNELBASE.dll
0x000007fefd680000 - 0x000007fefd75b000 	C:\Windows\system32\ADVAPI32.dll
0x000007fefd070000 - 0x000007fefd10f000 	C:\Windows\system32\msvcrt.dll
0x000007fefed00000 - 0x000007fefed1f000 	C:\Windows\SYSTEM32\sechost.dll
0x000007fefd550000 - 0x000007fefd67d000 	C:\Windows\system32\RPCRT4.dll
0x00000000776f0000 - 0x00000000777ea000 	C:\Windows\system32\USER32.dll
0x000007fefea70000 - 0x000007fefead7000 	C:\Windows\system32\GDI32.dll
0x000007fefcaf0000 - 0x000007fefcafe000 	C:\Windows\system32\LPK.dll
0x000007fefca20000 - 0x000007fefcae9000 	C:\Windows\system32\USP10.dll
0x000007fefb040000 - 0x000007fefb234000 	C:\Windows\WinSxS\amd64_microsoft.windows.common-controls_6595b64144ccf1df_6.0.7601.17514_none_fa396087175ac9ac\COMCTL32.dll
0x000007fefd760000 - 0x000007fefd7d1000 	C:\Windows\system32\SHLWAPI.dll
0x000007fefeae0000 - 0x000007fefeb0e000 	C:\Windows\system32\IMM32.DLL
0x000007fefe960000 - 0x000007fefea69000 	C:\Windows\system32\MSCTF.dll
0x000000005de80000 - 0x000000005df52000 	I:\Software\bin\msvcr100.dll
0x0000000050400000 - 0x0000000050bc9000 	I:\Software\bin\server\jvm.dll
0x000007fefaaf0000 - 0x000007fefaaf9000 	C:\Windows\system32\WSOCK32.dll
0x000007fefd500000 - 0x000007fefd54d000 	C:\Windows\system32\WS2_32.dll
0x000007fefec90000 - 0x000007fefec98000 	C:\Windows\system32\NSI.dll
0x000007fefa110000 - 0x000007fefa14b000 	C:\Windows\system32\WINMM.dll
0x00000000779b0000 - 0x00000000779b7000 	C:\Windows\system32\PSAPI.DLL
0x0000000071000000 - 0x000000007100f000 	I:\Software\bin\verify.dll
0x0000000070810000 - 0x0000000070838000 	I:\Software\bin\java.dll
0x0000000065740000 - 0x0000000065775000 	I:\Software\bin\jdwp.dll
0x0000000070fe0000 - 0x0000000070fe8000 	I:\Software\bin\npt.dll
0x00000000707f0000 - 0x0000000070805000 	I:\Software\bin\zip.dll
0x0000000065810000 - 0x0000000065819000 	I:\Software\bin\dt_socket.dll
0x000007fefa000000 - 0x000007fefa015000 	C:\Windows\system32\NLAapi.dll
0x000007feef060000 - 0x000007feef075000 	C:\Windows\system32\napinsp.dll
0x000007feef040000 - 0x000007feef059000 	C:\Windows\system32\pnrpnsp.dll
0x000007fefbe00000 - 0x000007fefbe55000 	C:\Windows\System32\mswsock.dll
0x000007fefbc80000 - 0x000007fefbcdb000 	C:\Windows\system32\DNSAPI.dll
0x000007feeef90000 - 0x000007feeef9b000 	C:\Windows\System32\winrnr.dll
0x000007fef9100000 - 0x000007fef9127000 	C:\Windows\system32\IPHLPAPI.DLL
0x000007fef90f0000 - 0x000007fef90fb000 	C:\Windows\system32\WINNSI.DLL
0x000007fef8f70000 - 0x000007fef8fc3000 	C:\Windows\System32\fwpuclnt.dll
0x000007feee460000 - 0x000007feee468000 	C:\Windows\system32\rasadhlp.dll
0x000007fefb800000 - 0x000007fefb807000 	C:\Windows\System32\wshtcpip.dll
0x00000000707d0000 - 0x00000000707e9000 	I:\Software\bin\net.dll
0x000007fefbdf0000 - 0x000007fefbdf7000 	C:\Windows\System32\wship6.dll
0x000007fef9c30000 - 0x000007fef9d55000 	C:\Windows\system32\dbghelp.dll

VM Arguments:
jvm_args: -agentlib:jdwp=transport=dt_socket,suspend=y,address=localhost:19215 -Dfile.encoding=Cp1252 
java_command: TabletInstallOperatingSystem
Launcher Type: SUN_STANDARD

Environment Variables:
PATH=I:\Software\Python\;I:\Software\Python\Scripts;C:\Program Files\NVIDIA GPU Computing Toolkit\CUDA\v5.5\bin;C:\Program Files\NVIDIA GPU Computing Toolkit\CUDA\v5.5\libnvvp;C:\Program Files (x86)\NVIDIA Corporation\PhysX\Common;C:\Program Files (x86)\Intel\iCLS Client\;C:\Program Files\Intel\iCLS Client\;C:\Windows\system32;C:\Windows;C:\Windows\System32\Wbem;C:\Windows\System32\WindowsPowerShell\v1.0\;C:\Program Files\Intel\Intel(R) Management Engine Components\DAL;C:\Program Files\Intel\Intel(R) Management Engine Components\IPT;C:\Program Files (x86)\Intel\Intel(R) Management Engine Components\DAL;C:\Program Files (x86)\Intel\Intel(R) Management Engine Components\IPT;C:\Program Files (x86)\Microsoft ASP.NET\ASP.NET Web Pages\v1.0\;C:\Program Files (x86)\Windows Kits\8.0\Windows Performance Toolkit\;C:\Program Files\Microsoft SQL Server\110\Tools\Binn\;C:\Program Files\Microsoft SQL Server\110\DTS\Binn\;C:\Program Files (x86)\Microsoft SQL Server\110\Tools\Binn\;C:\Program Files (x86)\Microsoft SQL Server\110\Tools\Binn\ManagementStudio\;C:\Program Files (x86)\Microsoft Visual Studio 10.0\Common7\IDE\PrivateAssemblies\;C:\Program Files (x86)\Microsoft SQL Server\110\DTS\Binn\;C:\Program Files\Microsoft\Web Platform Installer\;I:\Software\MySQL\MySQL Utilities 1.3.4\;C:\Program Files (x86)\MiKTeX 2.9\miktex\bin\;I:\Software\nodejs\;C:\Program Files (x86)\SSH Communications Security\SSH Secure Shell;C:\Users\DavidDesktop\AppData\Roaming\npm;C:\Users\DavidDesktop\AppData\Local\GitHub\0merek0z.pvv\bin;I:\MIT\GLP\adt-bundle-windows-x86_64-20140321\adt-bundle-windows-x86_64-20140321\sdk\platform-tools
USERNAME=DavidDesktop
OS=Windows_NT
PROCESSOR_IDENTIFIER=Intel64 Family 6 Model 58 Stepping 9, GenuineIntel



---------------  S Y S T E M  ---------------

OS: Windows 7 , 64 bit Build 7601 Service Pack 1

CPU:total 8 (4 cores per cpu, 2 threads per core) family 6 model 58 stepping 9, cmov, cx8, fxsr, mmx, sse, sse2, sse3, ssse3, sse4.1, sse4.2, popcnt, avx, aes, erms, ht, tsc, tscinvbit, tscinv

Memory: 4k page, physical 16731268k(6722356k free), swap 33460672k(18211740k free)

vm_info: Java HotSpot(TM) 64-Bit Server VM (24.55-b03) for windows-amd64 JRE (1.7.0_55-b13), built on Mar 17 2014 19:45:30 by "java_re" with unknown MS VC++:1600

time: Thu Jul 10 13:58:22 2014
elapsed time: 774098 seconds

